shell-init: error retrieving current directory: getcwd: cannot access parent directories: Operation not permitted
job-working-directory: error retrieving current directory: getcwd: cannot access parent directories: Operation not permitted
job-working-directory: error retrieving current directory: getcwd: cannot access parent directories: Operation not permitted
shell-init: error retrieving current directory: getcwd: cannot access parent directories: Operation not permitted
Error: $PWD must be set to run brew.
job-working-directory: error retrieving current directory: getcwd: cannot access parent directories: Operation not permitted
job-working-directory: error retrieving current directory: getcwd: cannot access parent directories: Operation not permitted
job-working-directory: error retrieving current directory: getcwd: cannot access parent directories: Operation not permitted
job-working-directory: error retrieving current directory: getcwd: cannot access parent directories: Operation not permitted
updated /Users/ryudayeon/Desktop/playground/job/sap_abap_jobs.xlsx active=5 closed=0 collected=5
2026-05-21T16:44:11 already updated today
2026-05-21T16:54:11 already updated today
2026-05-21T17:04:11 already updated today
2026-05-21T17:14:11 already updated today
2026-05-21T17:24:11 already updated today
2026-05-21T17:34:11 already updated today
2026-05-21T17:44:12 already updated today
2026-05-21T17:54:12 already updated today
2026-05-21T18:36:32 already updated today
2026-05-21T19:50:51 already updated today
2026-05-21T20:34:25 already updated today
2026-05-21T20:55:40 already updated today
2026-05-21T21:05:40 already updated today
2026-05-21T21:15:40 already updated today
2026-05-21T21:25:40 already updated today
2026-05-21T21:35:40 already updated today
2026-05-21T21:45:40 already updated today
2026-05-21T21:55:40 already updated today
2026-05-21T22:05:41 already updated today
2026-05-21T22:15:41 already updated today
2026-05-23T19:14:36 skipped: waiting for 10 minutes after boot
updated /Users/ryudayeon/Desktop/playground/job/sap_abap_jobs.xlsx active=7 closed=5 collected=5
2026-05-23T19:35:32 already updated today
2026-05-23T19:45:32 already updated today
2026-05-23T19:55:33 already updated today
2026-05-23T20:05:34 already updated today
2026-05-23T20:15:46 already updated today
2026-05-23T20:25:46 already updated today
2026-05-23T20:35:46 already updated today
2026-05-23T20:45:46 already updated today
2026-05-23T20:55:46 already updated today
2026-05-23T21:05:46 already updated today
2026-05-23T21:15:47 already updated today
2026-05-23T21:45:53 already updated today
2026-05-23T21:55:53 already updated today
2026-05-23T22:05:53 already updated today
2026-05-23T22:15:03 already updated today
